File name	Line	Function	Duration[ms]	Explored nodes
E:\Risther2020\CICLO VII\Calidad y Pruebas de Software\U1\SistemaVeterinaria\SistemaVeterinaria\Entidades\ClsEAgenda.cs	28	_SistemaVeterinaria.Entidades.ClsEAgenda.Save$string.string.string.string.string.string.string$	0	2
E:\Risther2020\CICLO VII\Calidad y Pruebas de Software\U1\SistemaVeterinaria\SistemaVeterinaria\Entidades\ClsEAgenda.cs	45	_SistemaVeterinaria.Entidades.ClsEAgenda.Update$string.string.string.string.string.string$	0	3
E:\Risther2020\CICLO VII\Calidad y Pruebas de Software\U1\SistemaVeterinaria\SistemaVeterinaria\Entidades\ClsEAgenda.cs	55	_SistemaVeterinaria.Entidades.ClsEAgenda.Search$$	0	2
E:\Risther2020\CICLO VII\Calidad y Pruebas de Software\U1\SistemaVeterinaria\SistemaVeterinaria\Entidades\ClsEClientes.cs	34	_SistemaVeterinaria.Entidades.ClsEClientes.Save$string.string.string.string.string.string$	0	2
E:\Risther2020\CICLO VII\Calidad y Pruebas de Software\U1\SistemaVeterinaria\SistemaVeterinaria\Entidades\ClsEClientes.cs	48	_SistemaVeterinaria.Entidades.ClsEClientes.Update$string.string.string.string.string.string$	0	2
E:\Risther2020\CICLO VII\Calidad y Pruebas de Software\U1\SistemaVeterinaria\SistemaVeterinaria\Entidades\ClsEClientes.cs	53	_SistemaVeterinaria.Entidades.ClsEClientes.Search$string$	0	2
E:\Risther2020\CICLO VII\Calidad y Pruebas de Software\U1\SistemaVeterinaria\SistemaVeterinaria\Entidades\ClsEClientes.cs	57	_SistemaVeterinaria.Entidades.ClsEClientes.Delete$string$	0	2
E:\Risther2020\CICLO VII\Calidad y Pruebas de Software\U1\SistemaVeterinaria\SistemaVeterinaria\Entidades\ClsEEmpleados.cs	20	_SistemaVeterinaria.Entidades.ClsEEmpleados.Save$string.string.string.string.string.string.string.string$	0	2
E:\Risther2020\CICLO VII\Calidad y Pruebas de Software\U1\SistemaVeterinaria\SistemaVeterinaria\Entidades\ClsEEmpleados.cs	36	_SistemaVeterinaria.Entidades.ClsEEmpleados.Update$string.string.string.string.string.string.string.string$	0	3
E:\Risther2020\CICLO VII\Calidad y Pruebas de Software\U1\SistemaVeterinaria\SistemaVeterinaria\Entidades\ClsEEmpleados.cs	48	_SistemaVeterinaria.Entidades.ClsEEmpleados.Search$$	0	2
E:\Risther2020\CICLO VII\Calidad y Pruebas de Software\U1\SistemaVeterinaria\SistemaVeterinaria\Entidades\ClsEGanancias.cs	17	_SistemaVeterinaria.Entidades.ClsEGanancias.Save$$	0	2
E:\Risther2020\CICLO VII\Calidad y Pruebas de Software\U1\SistemaVeterinaria\SistemaVeterinaria\Entidades\ClsEGanancias.cs	26	_SistemaVeterinaria.Entidades.ClsEGanancias.Update$$	0	2
E:\Risther2020\CICLO VII\Calidad y Pruebas de Software\U1\SistemaVeterinaria\SistemaVeterinaria\Entidades\ClsEGanancias.cs	31	_SistemaVeterinaria.Entidades.ClsEGanancias.Search$$	0	2
E:\Risther2020\CICLO VII\Calidad y Pruebas de Software\U1\SistemaVeterinaria\SistemaVeterinaria\Entidades\ClsEHistorial.cs	18	_SistemaVeterinaria.Entidades.ClsEHistorial.Save$$	0	2
E:\Risther2020\CICLO VII\Calidad y Pruebas de Software\U1\SistemaVeterinaria\SistemaVeterinaria\Entidades\ClsEHistorial.cs	27	_SistemaVeterinaria.Entidades.ClsEHistorial.Update$$	0	2
E:\Risther2020\CICLO VII\Calidad y Pruebas de Software\U1\SistemaVeterinaria\SistemaVeterinaria\Entidades\ClsEHistorial.cs	32	_SistemaVeterinaria.Entidades.ClsEHistorial.Search$$	0	2
E:\Risther2020\CICLO VII\Calidad y Pruebas de Software\U1\SistemaVeterinaria\SistemaVeterinaria\Entidades\ClsEMantenimientos.cs	19	_SistemaVeterinaria.Entidades.ClsEMantenimientos.Save$$	0	2
E:\Risther2020\CICLO VII\Calidad y Pruebas de Software\U1\SistemaVeterinaria\SistemaVeterinaria\Entidades\ClsEMantenimientos.cs	28	_SistemaVeterinaria.Entidades.ClsEMantenimientos.Update$$	0	2
E:\Risther2020\CICLO VII\Calidad y Pruebas de Software\U1\SistemaVeterinaria\SistemaVeterinaria\Entidades\ClsEMantenimientos.cs	33	_SistemaVeterinaria.Entidades.ClsEMantenimientos.Search$$	0	2
E:\Risther2020\CICLO VII\Calidad y Pruebas de Software\U1\SistemaVeterinaria\SistemaVeterinaria\Entidades\ClsEMascota.cs	22	_SistemaVeterinaria.Entidades.ClsEMascota.Save$string.string.string.string.string.string.string.string$	0	2
E:\Risther2020\CICLO VII\Calidad y Pruebas de Software\U1\SistemaVeterinaria\SistemaVeterinaria\Entidades\ClsEMascota.cs	40	_SistemaVeterinaria.Entidades.ClsEMascota.Update$string.string.string.string.string.string.string.string$	0	3
E:\Risther2020\CICLO VII\Calidad y Pruebas de Software\U1\SistemaVeterinaria\SistemaVeterinaria\Entidades\ClsEMascota.cs	52	_SistemaVeterinaria.Entidades.ClsEMascota.Search$$	0	2
E:\Risther2020\CICLO VII\Calidad y Pruebas de Software\U1\SistemaVeterinaria\SistemaVeterinaria\Entidades\ClsEServicios.cs	22	_SistemaVeterinaria.Entidades.ClsEServicios.Save$string.string.string.string.string.string$	0	2
E:\Risther2020\CICLO VII\Calidad y Pruebas de Software\U1\SistemaVeterinaria\SistemaVeterinaria\Entidades\ClsEServicios.cs	38	_SistemaVeterinaria.Entidades.ClsEServicios.Update$string.string.string.string.string.string$	0	3
E:\Risther2020\CICLO VII\Calidad y Pruebas de Software\U1\SistemaVeterinaria\SistemaVeterinaria\Entidades\ClsEServicios.cs	48	_SistemaVeterinaria.Entidades.ClsEServicios.Search$$	0	2
E:\Risther2020\CICLO VII\Calidad y Pruebas de Software\U1\SistemaVeterinaria\SistemaVeterinaria\Entidades\ClsEtratamientos.cs	21	_SistemaVeterinaria.Entidades.ClsEtratamientos.Save$string.string.string.string.string.string.string.string$	0	2
E:\Risther2020\CICLO VII\Calidad y Pruebas de Software\U1\SistemaVeterinaria\SistemaVeterinaria\Entidades\ClsEtratamientos.cs	39	_SistemaVeterinaria.Entidades.ClsEtratamientos.Update$string.string.string.string.string.string.string.string$	0	3
E:\Risther2020\CICLO VII\Calidad y Pruebas de Software\U1\SistemaVeterinaria\SistemaVeterinaria\Entidades\ClsEtratamientos.cs	51	_SistemaVeterinaria.Entidades.ClsEtratamientos.Search$$	0	2
E:\Risther2020\CICLO VII\Calidad y Pruebas de Software\U1\SistemaVeterinaria\SistemaVeterinaria\Negocios\ClsNAgenda.cs	22	_SistemaVeterinaria.Negocios.ClsNAgenda.MtdListarTodo$$	0	2
E:\Risther2020\CICLO VII\Calidad y Pruebas de Software\U1\SistemaVeterinaria\SistemaVeterinaria\Negocios\ClsNAgenda.cs	119	_SistemaVeterinaria.Negocios.ClsNAgenda.MtdBuscarMySql$SistemaVeterinaria.Entidades.ClsEAgenda$	0	2
E:\Risther2020\CICLO VII\Calidad y Pruebas de Software\U1\SistemaVeterinaria\SistemaVeterinaria\Negocios\ClsNClientes.cs	22	_SistemaVeterinaria.Negocios.ClsNClientes.MtdListarTodo$$	0	2
E:\Risther2020\CICLO VII\Calidad y Pruebas de Software\U1\SistemaVeterinaria\SistemaVeterinaria\Negocios\ClsNClientes.cs	132	_SistemaVeterinaria.Negocios.ClsNClientes.MtdBuscarMySql$SistemaVeterinaria.Entidades.ClsEClientes$	0	2
E:\Risther2020\CICLO VII\Calidad y Pruebas de Software\U1\SistemaVeterinaria\SistemaVeterinaria\Negocios\ClsNEmpleados.cs	22	_SistemaVeterinaria.Negocios.ClsNEmpleados.MtdListarTodo$$	0	2
E:\Risther2020\CICLO VII\Calidad y Pruebas de Software\U1\SistemaVeterinaria\SistemaVeterinaria\Negocios\ClsNEmpleados.cs	118	_SistemaVeterinaria.Negocios.ClsNEmpleados.MtdBuscarMySql$SistemaVeterinaria.Entidades.ClsEEmpleados$	0	2
E:\Risther2020\CICLO VII\Calidad y Pruebas de Software\U1\SistemaVeterinaria\SistemaVeterinaria\Negocios\ClsNEmpleados.cs	135	_SistemaVeterinaria.Negocios.ClsNEmpleados.MtdVAlidarLogin$SistemaVeterinaria.Entidades.ClsEEmpleados$	0	2
E:\Risther2020\CICLO VII\Calidad y Pruebas de Software\U1\SistemaVeterinaria\SistemaVeterinaria\Negocios\ClsNGanancias.cs	21	_SistemaVeterinaria.Negocios.ClsNGanancias.MtdBuscarVacuna$SistemaVeterinaria.Entidades.ClsEGanancias$	0	2
E:\Risther2020\CICLO VII\Calidad y Pruebas de Software\U1\SistemaVeterinaria\SistemaVeterinaria\Negocios\ClsNGanancias.cs	40	_SistemaVeterinaria.Negocios.ClsNGanancias.MtdBuscarMantenimiento$SistemaVeterinaria.Entidades.ClsEGanancias$	0	2
E:\Risther2020\CICLO VII\Calidad y Pruebas de Software\U1\SistemaVeterinaria\SistemaVeterinaria\Negocios\ClsNGanancias.cs	59	_SistemaVeterinaria.Negocios.ClsNGanancias.MtdBuscarTratamiento$SistemaVeterinaria.Entidades.ClsEGanancias$	0	2
E:\Risther2020\CICLO VII\Calidad y Pruebas de Software\U1\SistemaVeterinaria\SistemaVeterinaria\Negocios\ClsNHistorial.cs	22	_SistemaVeterinaria.Negocios.ClsNHistorial.MtdBuscarMascota$SistemaVeterinaria.Entidades.ClsEHistorial$	0	2
E:\Risther2020\CICLO VII\Calidad y Pruebas de Software\U1\SistemaVeterinaria\SistemaVeterinaria\Negocios\ClsNHistorial.cs	40	_SistemaVeterinaria.Negocios.ClsNHistorial.MtdBuscarVacunas$SistemaVeterinaria.Entidades.ClsEHistorial$	0	2
E:\Risther2020\CICLO VII\Calidad y Pruebas de Software\U1\SistemaVeterinaria\SistemaVeterinaria\Negocios\ClsNHistorial.cs	59	_SistemaVeterinaria.Negocios.ClsNHistorial.MtdBuscarMantenimiento$SistemaVeterinaria.Entidades.ClsEHistorial$	0	2
E:\Risther2020\CICLO VII\Calidad y Pruebas de Software\U1\SistemaVeterinaria\SistemaVeterinaria\Negocios\ClsNHistorial.cs	79	_SistemaVeterinaria.Negocios.ClsNHistorial.MtdBuscarTratamiento$SistemaVeterinaria.Entidades.ClsEHistorial$	0	2
E:\Risther2020\CICLO VII\Calidad y Pruebas de Software\U1\SistemaVeterinaria\SistemaVeterinaria\Negocios\ClsNMantenimiento.cs	22	_SistemaVeterinaria.Negocios.ClsNMantenimiento.MtdListarTodo$$	0	2
E:\Risther2020\CICLO VII\Calidad y Pruebas de Software\U1\SistemaVeterinaria\SistemaVeterinaria\Negocios\ClsNMantenimiento.cs	109	_SistemaVeterinaria.Negocios.ClsNMantenimiento.MtdBuscarMySql$SistemaVeterinaria.Entidades.ClsEMantenimientos$	0	2
E:\Risther2020\CICLO VII\Calidad y Pruebas de Software\U1\SistemaVeterinaria\SistemaVeterinaria\Negocios\ClsNMascota.cs	22	_SistemaVeterinaria.Negocios.ClsNMascota.MtdListarTodo$$	0	2
E:\Risther2020\CICLO VII\Calidad y Pruebas de Software\U1\SistemaVeterinaria\SistemaVeterinaria\Negocios\ClsNMascota.cs	117	_SistemaVeterinaria.Negocios.ClsNMascota.MtdBuscarMySql$SistemaVeterinaria.Entidades.ClsEMascota$	0	2
E:\Risther2020\CICLO VII\Calidad y Pruebas de Software\U1\SistemaVeterinaria\SistemaVeterinaria\Negocios\ClsNMascota.cs	135	_SistemaVeterinaria.Negocios.ClsNMascota.MtdBuscarMascota$SistemaVeterinaria.Entidades.ClsEMascota$	0	2
E:\Risther2020\CICLO VII\Calidad y Pruebas de Software\U1\SistemaVeterinaria\SistemaVeterinaria\Negocios\ClsNServicios.cs	22	_SistemaVeterinaria.Negocios.ClsNServicios.MtdListarTodo$$	0	2
E:\Risther2020\CICLO VII\Calidad y Pruebas de Software\U1\SistemaVeterinaria\SistemaVeterinaria\Negocios\ClsNServicios.cs	107	_SistemaVeterinaria.Negocios.ClsNServicios.MtdBuscarMySql$SistemaVeterinaria.Entidades.ClsEServicios$	0	2
E:\Risther2020\CICLO VII\Calidad y Pruebas de Software\U1\SistemaVeterinaria\SistemaVeterinaria\Negocios\ClsNTratamientos.cs	22	_SistemaVeterinaria.Negocios.ClsNTratamientos.MtdListarTodo$$	0	2
E:\Risther2020\CICLO VII\Calidad y Pruebas de Software\U1\SistemaVeterinaria\SistemaVeterinaria\Negocios\ClsNTratamientos.cs	116	_SistemaVeterinaria.Negocios.ClsNTratamientos.MtdBuscarMySql$SistemaVeterinaria.Entidades.ClsEtratamientos$	0	2
E:\Risther2020\CICLO VII\Calidad y Pruebas de Software\U1\SistemaVeterinaria\SistemaVeterinaria\Principal\FrmAgenda.Designer.cs	28	_SistemaVeterinaria.Principal.FrmAgenda.InitializeComponent$$	0	3
E:\Risther2020\CICLO VII\Calidad y Pruebas de Software\U1\SistemaVeterinaria\SistemaVeterinaria\Principal\FrmAgenda.cs	25	_SistemaVeterinaria.Principal.FrmAgenda.FrmAgenda_Load$object.System.EventArgs$	0	2
E:\Risther2020\CICLO VII\Calidad y Pruebas de Software\U1\SistemaVeterinaria\SistemaVeterinaria\Principal\FrmAgenda.cs	31	_SistemaVeterinaria.Principal.FrmAgenda.btnNuevo_Click$object.System.EventArgs$	0	3
E:\Risther2020\CICLO VII\Calidad y Pruebas de Software\U1\SistemaVeterinaria\SistemaVeterinaria\Principal\FrmAgenda.cs	35	_SistemaVeterinaria.Principal.FrmAgenda.MtdLimpiarCajas$$	0	3
E:\Risther2020\CICLO VII\Calidad y Pruebas de Software\U1\SistemaVeterinaria\SistemaVeterinaria\Principal\FrmAgenda.cs	51	_SistemaVeterinaria.Principal.FrmAgenda.btnGuardar_Click$object.System.EventArgs$	0	12
E:\Risther2020\CICLO VII\Calidad y Pruebas de Software\U1\SistemaVeterinaria\SistemaVeterinaria\Principal\FrmAgenda.cs	75	_SistemaVeterinaria.Principal.FrmAgenda.btnModificar_Click$object.System.EventArgs$	0	12
E:\Risther2020\CICLO VII\Calidad y Pruebas de Software\U1\SistemaVeterinaria\SistemaVeterinaria\Principal\FrmAgenda.cs	100	_SistemaVeterinaria.Principal.FrmAgenda.listar$$	0	3
E:\Risther2020\CICLO VII\Calidad y Pruebas de Software\U1\SistemaVeterinaria\SistemaVeterinaria\Principal\FrmAgenda.cs	106	_SistemaVeterinaria.Principal.FrmAgenda.btnListar_Click$object.System.EventArgs$	0	3
E:\Risther2020\CICLO VII\Calidad y Pruebas de Software\U1\SistemaVeterinaria\SistemaVeterinaria\Principal\FrmAgenda.cs	113	_SistemaVeterinaria.Principal.FrmAgenda.btnBuscar1_Click_1$object.System.EventArgs$	0	8
E:\Risther2020\CICLO VII\Calidad y Pruebas de Software\U1\SistemaVeterinaria\SistemaVeterinaria\Principal\FrmAgenda.cs	135	_SistemaVeterinaria.Principal.FrmAgenda.btnBuscar_Click$object.System.EventArgs$	0	3
E:\Risther2020\CICLO VII\Calidad y Pruebas de Software\U1\SistemaVeterinaria\SistemaVeterinaria\Principal\FrmAgenda.cs	145	_SistemaVeterinaria.Principal.FrmAgenda.dgvAgenda_CellMouseClick$object.System.Windows.Forms.DataGridViewCellMouseEventArgs$	0	5
E:\Risther2020\CICLO VII\Calidad y Pruebas de Software\U1\SistemaVeterinaria\SistemaVeterinaria\Principal\FrmAgenda.cs	210	_SistemaVeterinaria.Principal.FrmAgenda.GenerarDocumentos$iTextSharp.text.Document$	40	1503
E:\Risther2020\CICLO VII\Calidad y Pruebas de Software\U1\SistemaVeterinaria\SistemaVeterinaria\Principal\FrmAgenda.cs	255	_SistemaVeterinaria.Principal.FrmAgenda.GetTama.F1oColumnas$System.Windows.Forms.DataGridView$	7	403
E:\Risther2020\CICLO VII\Calidad y Pruebas de Software\U1\SistemaVeterinaria\SistemaVeterinaria\Principal\FrmAgenda.cs	265	_SistemaVeterinaria.Principal.FrmAgenda.txtDni_KeyPress$object.System.Windows.Forms.KeyPressEventArgs$	0	9
E:\Risther2020\CICLO VII\Calidad y Pruebas de Software\U1\SistemaVeterinaria\SistemaVeterinaria\Principal\FrmClientes.Designer.cs	28	_SistemaVeterinaria.Principal.FrmClientes.InitializeComponent$$	0	3
E:\Risther2020\CICLO VII\Calidad y Pruebas de Software\U1\SistemaVeterinaria\SistemaVeterinaria\Principal\FrmClientes.cs	26	_SistemaVeterinaria.Principal.FrmClientes.FrmRegistro_Load$object.System.EventArgs$	0	2
E:\Risther2020\CICLO VII\Calidad y Pruebas de Software\U1\SistemaVeterinaria\SistemaVeterinaria\Principal\FrmClientes.cs	31	_SistemaVeterinaria.Principal.FrmClientes.btnNuevos_Click$object.System.EventArgs$	0	3
E:\Risther2020\CICLO VII\Calidad y Pruebas de Software\U1\SistemaVeterinaria\SistemaVeterinaria\Principal\FrmClientes.cs	35	_SistemaVeterinaria.Principal.FrmClientes.MtdLimpiarCajas$$	0	3
E:\Risther2020\CICLO VII\Calidad y Pruebas de Software\U1\SistemaVeterinaria\SistemaVeterinaria\Principal\FrmClientes.cs	49	_SistemaVeterinaria.Principal.FrmClientes.btnGuardar_Click$object.System.EventArgs$	0	21
E:\Risther2020\CICLO VII\Calidad y Pruebas de Software\U1\SistemaVeterinaria\SistemaVeterinaria\Principal\FrmClientes.cs	76	_SistemaVeterinaria.Principal.FrmClientes.btnModificar_Click$object.System.EventArgs$	0	21
E:\Risther2020\CICLO VII\Calidad y Pruebas de Software\U1\SistemaVeterinaria\SistemaVeterinaria\Principal\FrmClientes.cs	103	_SistemaVeterinaria.Principal.FrmClientes.btnEliminar_Click$object.System.EventArgs$	0	21
E:\Risther2020\CICLO VII\Calidad y Pruebas de Software\U1\SistemaVeterinaria\SistemaVeterinaria\Principal\FrmClientes.cs	121	_SistemaVeterinaria.Principal.FrmClientes.listar$$	0	3
E:\Risther2020\CICLO VII\Calidad y Pruebas de Software\U1\SistemaVeterinaria\SistemaVeterinaria\Principal\FrmClientes.cs	126	_SistemaVeterinaria.Principal.FrmClientes.btnListar_Click$object.System.EventArgs$	0	3
E:\Risther2020\CICLO VII\Calidad y Pruebas de Software\U1\SistemaVeterinaria\SistemaVeterinaria\Principal\FrmClientes.cs	131	_SistemaVeterinaria.Principal.FrmClientes.btnBuscar_Click$object.System.EventArgs$	0	3
E:\Risther2020\CICLO VII\Calidad y Pruebas de Software\U1\SistemaVeterinaria\SistemaVeterinaria\Principal\FrmClientes.cs	142	_SistemaVeterinaria.Principal.FrmClientes.textDni_KeyPress$object.System.Windows.Forms.KeyPressEventArgs$	0	9
E:\Risther2020\CICLO VII\Calidad y Pruebas de Software\U1\SistemaVeterinaria\SistemaVeterinaria\Principal\FrmClientes.cs	158	_SistemaVeterinaria.Principal.FrmClientes.dgvClientes_CellMouseClick$object.System.Windows.Forms.DataGridViewCellMouseEventArgs$	0	5
E:\Risther2020\CICLO VII\Calidad y Pruebas de Software\U1\SistemaVeterinaria\SistemaVeterinaria\Principal\FrmClientes.cs	175	_SistemaVeterinaria.Principal.FrmClientes.textBuscar_KeyPress$object.System.Windows.Forms.KeyPressEventArgs$	0	9
E:\Risther2020\CICLO VII\Calidad y Pruebas de Software\U1\SistemaVeterinaria\SistemaVeterinaria\Principal\FrmClientes.cs	241	_SistemaVeterinaria.Principal.FrmClientes.GenerarDocumentos$iTextSharp.text.Document$	42	1503
E:\Risther2020\CICLO VII\Calidad y Pruebas de Software\U1\SistemaVeterinaria\SistemaVeterinaria\Principal\FrmClientes.cs	286	_SistemaVeterinaria.Principal.FrmClientes.GetTama.F1oColumnas$System.Windows.Forms.DataGridView$	7	403
E:\Risther2020\CICLO VII\Calidad y Pruebas de Software\U1\SistemaVeterinaria\SistemaVeterinaria\Principal\FrmClientes.cs	296	_SistemaVeterinaria.Principal.FrmClientes.txtNombres_KeyPress$object.System.Windows.Forms.KeyPressEventArgs$	0	12
E:\Risther2020\CICLO VII\Calidad y Pruebas de Software\U1\SistemaVeterinaria\SistemaVeterinaria\Principal\FrmClientes.cs	316	_SistemaVeterinaria.Principal.FrmClientes.txtApellidos_KeyPress$object.System.Windows.Forms.KeyPressEventArgs$	0	12
E:\Risther2020\CICLO VII\Calidad y Pruebas de Software\U1\SistemaVeterinaria\SistemaVeterinaria\Principal\FrmClientes.cs	336	_SistemaVeterinaria.Principal.FrmClientes.txtDireccion_KeyPress$object.System.Windows.Forms.KeyPressEventArgs$	0	12
E:\Risther2020\CICLO VII\Calidad y Pruebas de Software\U1\SistemaVeterinaria\SistemaVeterinaria\Principal\FrmClientes.cs	356	_SistemaVeterinaria.Principal.FrmClientes.txtTelefono_KeyPress$object.System.Windows.Forms.KeyPressEventArgs$	0	9
E:\Risther2020\CICLO VII\Calidad y Pruebas de Software\U1\SistemaVeterinaria\SistemaVeterinaria\Principal\FrmEmpleado.Designer.cs	28	_SistemaVeterinaria.Principal.FrmEmpleado.InitializeComponent$$	0	3
E:\Risther2020\CICLO VII\Calidad y Pruebas de Software\U1\SistemaVeterinaria\SistemaVeterinaria\Principal\FrmEmpleado.cs	25	_SistemaVeterinaria.Principal.FrmEmpleado.FrmEmpleado_Load$object.System.EventArgs$	0	2
E:\Risther2020\CICLO VII\Calidad y Pruebas de Software\U1\SistemaVeterinaria\SistemaVeterinaria\Principal\FrmEmpleado.cs	30	_SistemaVeterinaria.Principal.FrmEmpleado.btnNuevo_Click$object.System.EventArgs$	0	3
E:\Risther2020\CICLO VII\Calidad y Pruebas de Software\U1\SistemaVeterinaria\SistemaVeterinaria\Principal\FrmEmpleado.cs	34	_SistemaVeterinaria.Principal.FrmEmpleado.MtdLimpiarCajas$$	0	3
E:\Risther2020\CICLO VII\Calidad y Pruebas de Software\U1\SistemaVeterinaria\SistemaVeterinaria\Principal\FrmEmpleado.cs	124	_SistemaVeterinaria.Principal.FrmEmpleado.listar$$	0	3
E:\Risther2020\CICLO VII\Calidad y Pruebas de Software\U1\SistemaVeterinaria\SistemaVeterinaria\Principal\FrmEmpleado.cs	129	_SistemaVeterinaria.Principal.FrmEmpleado.btnListar_Click$object.System.EventArgs$	0	3
E:\Risther2020\CICLO VII\Calidad y Pruebas de Software\U1\SistemaVeterinaria\SistemaVeterinaria\Principal\FrmEmpleado.cs	134	_SistemaVeterinaria.Principal.FrmEmpleado.btnBuscar_Click$object.System.EventArgs$	0	3
E:\Risther2020\CICLO VII\Calidad y Pruebas de Software\U1\SistemaVeterinaria\SistemaVeterinaria\Principal\FrmEmpleado.cs	143	_SistemaVeterinaria.Principal.FrmEmpleado.dgvEmpleado_CellMouseClick$object.System.Windows.Forms.DataGridViewCellMouseEventArgs$	0	13
E:\Risther2020\CICLO VII\Calidad y Pruebas de Software\U1\SistemaVeterinaria\SistemaVeterinaria\Principal\FrmEmpleado.cs	160	_SistemaVeterinaria.Principal.FrmEmpleado.txtDni_KeyPress$object.System.Windows.Forms.KeyPressEventArgs$	0	9
E:\Risther2020\CICLO VII\Calidad y Pruebas de Software\U1\SistemaVeterinaria\SistemaVeterinaria\Principal\FrmEmpleado.cs	226	_SistemaVeterinaria.Principal.FrmEmpleado.GenerarDocumentos$iTextSharp.text.Document$	43	1503
E:\Risther2020\CICLO VII\Calidad y Pruebas de Software\U1\SistemaVeterinaria\SistemaVeterinaria\Principal\FrmEmpleado.cs	271	_SistemaVeterinaria.Principal.FrmEmpleado.GetTama.F1oColumnas$System.Windows.Forms.DataGridView$	7	403
E:\Risther2020\CICLO VII\Calidad y Pruebas de Software\U1\SistemaVeterinaria\SistemaVeterinaria\Principal\FrmEmpleado.cs	281	_SistemaVeterinaria.Principal.FrmEmpleado.txtNombres_KeyPress$object.System.Windows.Forms.KeyPressEventArgs$	0	12
E:\Risther2020\CICLO VII\Calidad y Pruebas de Software\U1\SistemaVeterinaria\SistemaVeterinaria\Principal\FrmEmpleado.cs	301	_SistemaVeterinaria.Principal.FrmEmpleado.txtApellidos_KeyPress$object.System.Windows.Forms.KeyPressEventArgs$	0	12
E:\Risther2020\CICLO VII\Calidad y Pruebas de Software\U1\SistemaVeterinaria\SistemaVeterinaria\Principal\FrmEmpleado.cs	321	_SistemaVeterinaria.Principal.FrmEmpleado.txtDireccion_KeyPress$object.System.Windows.Forms.KeyPressEventArgs$	0	12
E:\Risther2020\CICLO VII\Calidad y Pruebas de Software\U1\SistemaVeterinaria\SistemaVeterinaria\Principal\FrmEmpleado.cs	341	_SistemaVeterinaria.Principal.FrmEmpleado.txtClave_KeyPress$object.System.Windows.Forms.KeyPressEventArgs$	0	9
E:\Risther2020\CICLO VII\Calidad y Pruebas de Software\U1\SistemaVeterinaria\SistemaVeterinaria\Principal\FrmEmpleado.cs	357	_SistemaVeterinaria.Principal.FrmEmpleado.txtBuscar_KeyPress$object.System.Windows.Forms.KeyPressEventArgs$	0	9
E:\Risther2020\CICLO VII\Calidad y Pruebas de Software\U1\SistemaVeterinaria\SistemaVeterinaria\Principal\FrmGanancias.Designer.cs	28	_SistemaVeterinaria.Principal.FrmGanancias.InitializeComponent$$	0	3
E:\Risther2020\CICLO VII\Calidad y Pruebas de Software\U1\SistemaVeterinaria\SistemaVeterinaria\Principal\FrmGanancias.cs	21	_SistemaVeterinaria.Principal.FrmGanancias.FrmGanancias_Load$object.System.EventArgs$	0	2
E:\Risther2020\CICLO VII\Calidad y Pruebas de Software\U1\SistemaVeterinaria\SistemaVeterinaria\Principal\FrmGanancias.cs	27	_SistemaVeterinaria.Principal.FrmGanancias.materialRaisedButton1_Click$object.System.EventArgs$	0	2
E:\Risther2020\CICLO VII\Calidad y Pruebas de Software\U1\SistemaVeterinaria\SistemaVeterinaria\Principal\FrmGanancias.cs	32	_SistemaVeterinaria.Principal.FrmGanancias.btnCalcular_Click$object.System.EventArgs$	5	431
E:\Risther2020\CICLO VII\Calidad y Pruebas de Software\U1\SistemaVeterinaria\SistemaVeterinaria\Principal\FrmHistorial.Designer.cs	28	_SistemaVeterinaria.Principal.FrmHistorial.InitializeComponent$$	0	3
E:\Risther2020\CICLO VII\Calidad y Pruebas de Software\U1\SistemaVeterinaria\SistemaVeterinaria\Principal\FrmHistorial.cs	51	_SistemaVeterinaria.Principal.FrmHistorial.FrmHistorial_Load$object.System.EventArgs$	0	2
E:\Risther2020\CICLO VII\Calidad y Pruebas de Software\U1\SistemaVeterinaria\SistemaVeterinaria\Principal\FrmHistorial.cs	56	_SistemaVeterinaria.Principal.FrmHistorial.btnBuscar_Click$object.System.EventArgs$	0	8
E:\Risther2020\CICLO VII\Calidad y Pruebas de Software\U1\SistemaVeterinaria\SistemaVeterinaria\Principal\FrmHistorial.cs	81	_SistemaVeterinaria.Principal.FrmHistorial.btnVacunas_Click$object.System.EventArgs$	0	9
E:\Risther2020\CICLO VII\Calidad y Pruebas de Software\U1\SistemaVeterinaria\SistemaVeterinaria\Principal\FrmHistorial.cs	97	_SistemaVeterinaria.Principal.FrmHistorial.txtDni_KeyPress$object.System.Windows.Forms.KeyPressEventArgs$	0	9
E:\Risther2020\CICLO VII\Calidad y Pruebas de Software\U1\SistemaVeterinaria\SistemaVeterinaria\Principal\FrmHistorial.cs	113	_SistemaVeterinaria.Principal.FrmHistorial.btnMantenimientos_Click$object.System.EventArgs$	0	9
E:\Risther2020\CICLO VII\Calidad y Pruebas de Software\U1\SistemaVeterinaria\SistemaVeterinaria\Principal\FrmHistorial.cs	127	_SistemaVeterinaria.Principal.FrmHistorial.btnTratamientos_Click$object.System.EventArgs$	0	9
E:\Risther2020\CICLO VII\Calidad y Pruebas de Software\U1\SistemaVeterinaria\SistemaVeterinaria\Principal\FrmHistorial.cs	191	_SistemaVeterinaria.Principal.FrmHistorial.GenerarDocumentos$iTextSharp.text.Document$	41	1503
E:\Risther2020\CICLO VII\Calidad y Pruebas de Software\U1\SistemaVeterinaria\SistemaVeterinaria\Principal\FrmHistorial.cs	236	_SistemaVeterinaria.Principal.FrmHistorial.GetTama.F1oColumnas$System.Windows.Forms.DataGridView$	7	403
E:\Risther2020\CICLO VII\Calidad y Pruebas de Software\U1\SistemaVeterinaria\SistemaVeterinaria\Principal\FrmHistorial.cs	245	_SistemaVeterinaria.Principal.FrmHistorial.dgvMasctoras_CellMouseClick$object.System.Windows.Forms.DataGridViewCellMouseEventArgs$	0	5
E:\Risther2020\CICLO VII\Calidad y Pruebas de Software\U1\SistemaVeterinaria\SistemaVeterinaria\Principal\FrmLogins.Designer.cs	28	_SistemaVeterinaria.Principal.FrmLogins.InitializeComponent$$	0	3
E:\Risther2020\CICLO VII\Calidad y Pruebas de Software\U1\SistemaVeterinaria\SistemaVeterinaria\Principal\FrmLogins.cs	35	_SistemaVeterinaria.Principal.FrmLogins.FrmLogins_Load$object.System.EventArgs$	0	2
E:\Risther2020\CICLO VII\Calidad y Pruebas de Software\U1\SistemaVeterinaria\SistemaVeterinaria\Principal\FrmLogins.cs	82	_SistemaVeterinaria.Principal.FrmLogins.txtCodigo_KeyPress$object.System.Windows.Forms.KeyPressEventArgs$	0	9
E:\Risther2020\CICLO VII\Calidad y Pruebas de Software\U1\SistemaVeterinaria\SistemaVeterinaria\Principal\FrmMantenimiento.Designer.cs	28	_SistemaVeterinaria.Principal.FrmMantenimiento.InitializeComponent$$	0	3
E:\Risther2020\CICLO VII\Calidad y Pruebas de Software\U1\SistemaVeterinaria\SistemaVeterinaria\Principal\FrmMantenimiento.cs	21	_SistemaVeterinaria.Principal.FrmMantenimiento.FrmMantenimiento_Load$object.System.EventArgs$	0	3
E:\Risther2020\CICLO VII\Calidad y Pruebas de Software\U1\SistemaVeterinaria\SistemaVeterinaria\Principal\FrmMantenimiento.cs	26	_SistemaVeterinaria.Principal.FrmMantenimiento.btnNuevo_Click$object.System.EventArgs$	0	3
E:\Risther2020\CICLO VII\Calidad y Pruebas de Software\U1\SistemaVeterinaria\SistemaVeterinaria\Principal\FrmMantenimiento.cs	30	_SistemaVeterinaria.Principal.FrmMantenimiento.MtdLimpiarCajas$$	0	3
E:\Risther2020\CICLO VII\Calidad y Pruebas de Software\U1\SistemaVeterinaria\SistemaVeterinaria\Principal\FrmMantenimiento.cs	50	_SistemaVeterinaria.Principal.FrmMantenimiento.btnGuardar_Click$object.System.EventArgs$	0	15
E:\Risther2020\CICLO VII\Calidad y Pruebas de Software\U1\SistemaVeterinaria\SistemaVeterinaria\Principal\FrmMantenimiento.cs	76	_SistemaVeterinaria.Principal.FrmMantenimiento.btnModificar_Click$object.System.EventArgs$	0	15
E:\Risther2020\CICLO VII\Calidad y Pruebas de Software\U1\SistemaVeterinaria\SistemaVeterinaria\Principal\FrmMantenimiento.cs	100	_SistemaVeterinaria.Principal.FrmMantenimiento.btnlistar_Click$object.System.EventArgs$	0	3
E:\Risther2020\CICLO VII\Calidad y Pruebas de Software\U1\SistemaVeterinaria\SistemaVeterinaria\Principal\FrmMantenimiento.cs	106	_SistemaVeterinaria.Principal.FrmMantenimiento.btnBuscar_Click$object.System.EventArgs$	0	8
E:\Risther2020\CICLO VII\Calidad y Pruebas de Software\U1\SistemaVeterinaria\SistemaVeterinaria\Principal\FrmMantenimiento.cs	125	_SistemaVeterinaria.Principal.FrmMantenimiento.btnBuscarM_Click$object.System.EventArgs$	0	8
E:\Risther2020\CICLO VII\Calidad y Pruebas de Software\U1\SistemaVeterinaria\SistemaVeterinaria\Principal\FrmMantenimiento.cs	151	_SistemaVeterinaria.Principal.FrmMantenimiento.btnBuscarPorDni_Click$object.System.EventArgs$	0	6
E:\Risther2020\CICLO VII\Calidad y Pruebas de Software\U1\SistemaVeterinaria\SistemaVeterinaria\Principal\FrmMantenimiento.cs	162	_SistemaVeterinaria.Principal.FrmMantenimiento.txtDni_KeyPress$object.System.Windows.Forms.KeyPressEventArgs$	0	9
E:\Risther2020\CICLO VII\Calidad y Pruebas de Software\U1\SistemaVeterinaria\SistemaVeterinaria\Principal\FrmMantenimiento.cs	178	_SistemaVeterinaria.Principal.FrmMantenimiento.txtBuscar_KeyPress$object.System.Windows.Forms.KeyPressEventArgs$	0	9
E:\Risther2020\CICLO VII\Calidad y Pruebas de Software\U1\SistemaVeterinaria\SistemaVeterinaria\Principal\FrmMantenimiento.cs	194	_SistemaVeterinaria.Principal.FrmMantenimiento.dgvMascota_CellMouseClick$object.System.Windows.Forms.DataGridViewCellMouseEventArgs$	0	5
E:\Risther2020\CICLO VII\Calidad y Pruebas de Software\U1\SistemaVeterinaria\SistemaVeterinaria\Principal\FrmMantenimiento.cs	208	_SistemaVeterinaria.Principal.FrmMantenimiento.txtNombre_KeyPress$object.System.Windows.Forms.KeyPressEventArgs$	0	12
E:\Risther2020\CICLO VII\Calidad y Pruebas de Software\U1\SistemaVeterinaria\SistemaVeterinaria\Principal\FrmMantenimiento.cs	228	_SistemaVeterinaria.Principal.FrmMantenimiento.txtSoles_KeyPress$object.System.Windows.Forms.KeyPressEventArgs$	0	9
E:\Risther2020\CICLO VII\Calidad y Pruebas de Software\U1\SistemaVeterinaria\SistemaVeterinaria\Principal\FrmMascota.Designer.cs	28	_SistemaVeterinaria.Principal.FrmMascota.InitializeComponent$$	0	3
E:\Risther2020\CICLO VII\Calidad y Pruebas de Software\U1\SistemaVeterinaria\SistemaVeterinaria\Principal\FrmMascota.cs	25	_SistemaVeterinaria.Principal.FrmMascota.FrmMascota_Load$object.System.EventArgs$	0	2
E:\Risther2020\CICLO VII\Calidad y Pruebas de Software\U1\SistemaVeterinaria\SistemaVeterinaria\Principal\FrmMascota.cs	30	_SistemaVeterinaria.Principal.FrmMascota.btnNuevo_Click$object.System.EventArgs$	0	3
E:\Risther2020\CICLO VII\Calidad y Pruebas de Software\U1\SistemaVeterinaria\SistemaVeterinaria\Principal\FrmMascota.cs	34	_SistemaVeterinaria.Principal.FrmMascota.MtdLimpiarCajas$$	0	3
E:\Risther2020\CICLO VII\Calidad y Pruebas de Software\U1\SistemaVeterinaria\SistemaVeterinaria\Principal\FrmMascota.cs	122	_SistemaVeterinaria.Principal.FrmMascota.listar$$	0	3
E:\Risther2020\CICLO VII\Calidad y Pruebas de Software\U1\SistemaVeterinaria\SistemaVeterinaria\Principal\FrmMascota.cs	127	_SistemaVeterinaria.Principal.FrmMascota.btnListar_Click$object.System.EventArgs$	0	3
E:\Risther2020\CICLO VII\Calidad y Pruebas de Software\U1\SistemaVeterinaria\SistemaVeterinaria\Principal\FrmMascota.cs	132	_SistemaVeterinaria.Principal.FrmMascota.textDni_KeyPress$object.System.Windows.Forms.KeyPressEventArgs$	0	9
E:\Risther2020\CICLO VII\Calidad y Pruebas de Software\U1\SistemaVeterinaria\SistemaVeterinaria\Principal\FrmMascota.cs	148	_SistemaVeterinaria.Principal.FrmMascota.btnBuscar_Click$object.System.EventArgs$	0	8
E:\Risther2020\CICLO VII\Calidad y Pruebas de Software\U1\SistemaVeterinaria\SistemaVeterinaria\Principal\FrmMascota.cs	169	_SistemaVeterinaria.Principal.FrmMascota.btnBuscarPorDni_Click$object.System.EventArgs$	0	6
E:\Risther2020\CICLO VII\Calidad y Pruebas de Software\U1\SistemaVeterinaria\SistemaVeterinaria\Principal\FrmMascota.cs	182	_SistemaVeterinaria.Principal.FrmMascota.txtBuscar_KeyPress$object.System.Windows.Forms.KeyPressEventArgs$	0	9
E:\Risther2020\CICLO VII\Calidad y Pruebas de Software\U1\SistemaVeterinaria\SistemaVeterinaria\Principal\FrmMascota.cs	198	_SistemaVeterinaria.Principal.FrmMascota.dgvMascotas_CellMouseClick$object.System.Windows.Forms.DataGridViewCellMouseEventArgs$	0	13
E:\Risther2020\CICLO VII\Calidad y Pruebas de Software\U1\SistemaVeterinaria\SistemaVeterinaria\Principal\FrmMascota.cs	265	_SistemaVeterinaria.Principal.FrmMascota.GenerarDocumentos$iTextSharp.text.Document$	68	1503
E:\Risther2020\CICLO VII\Calidad y Pruebas de Software\U1\SistemaVeterinaria\SistemaVeterinaria\Principal\FrmMascota.cs	310	_SistemaVeterinaria.Principal.FrmMascota.GetTama.F1oColumnas$System.Windows.Forms.DataGridView$	7	403
E:\Risther2020\CICLO VII\Calidad y Pruebas de Software\U1\SistemaVeterinaria\SistemaVeterinaria\Principal\FrmMascota.cs	320	_SistemaVeterinaria.Principal.FrmMascota.txtNombre_KeyPress$object.System.Windows.Forms.KeyPressEventArgs$	0	12
E:\Risther2020\CICLO VII\Calidad y Pruebas de Software\U1\SistemaVeterinaria\SistemaVeterinaria\Principal\FrmMascota.cs	340	_SistemaVeterinaria.Principal.FrmMascota.txtEspecie_KeyPress$object.System.Windows.Forms.KeyPressEventArgs$	0	12
E:\Risther2020\CICLO VII\Calidad y Pruebas de Software\U1\SistemaVeterinaria\SistemaVeterinaria\Principal\FrmMascota.cs	360	_SistemaVeterinaria.Principal.FrmMascota.txtRaza_KeyPress$object.System.Windows.Forms.KeyPressEventArgs$	0	12
E:\Risther2020\CICLO VII\Calidad y Pruebas de Software\U1\SistemaVeterinaria\SistemaVeterinaria\Principal\FrmMascota.cs	380	_SistemaVeterinaria.Principal.FrmMascota.txtPeso_KeyPress$object.System.Windows.Forms.KeyPressEventArgs$	0	9
E:\Risther2020\CICLO VII\Calidad y Pruebas de Software\U1\SistemaVeterinaria\SistemaVeterinaria\Principal\FrmPrincipal.Designer.cs	28	_SistemaVeterinaria.Principal.FrmPrincipal.InitializeComponent$$	0	3
E:\Risther2020\CICLO VII\Calidad y Pruebas de Software\U1\SistemaVeterinaria\SistemaVeterinaria\Principal\FrmPrincipal.cs	28	_SistemaVeterinaria.Principal.FrmPrincipal.loadForm$System.Windows.Forms.Form$	0	3
E:\Risther2020\CICLO VII\Calidad y Pruebas de Software\U1\SistemaVeterinaria\SistemaVeterinaria\Principal\FrmPrincipal.cs	36	_SistemaVeterinaria.Principal.FrmPrincipal.FrmPrincipal_Load$object.System.EventArgs$	0	31
E:\Risther2020\CICLO VII\Calidad y Pruebas de Software\U1\SistemaVeterinaria\SistemaVeterinaria\Principal\FrmPrincipal.cs	101	_SistemaVeterinaria.Principal.FrmPrincipal.setActiveForm$System.Windows.Forms.Button$	0	9
E:\Risther2020\CICLO VII\Calidad y Pruebas de Software\U1\SistemaVeterinaria\SistemaVeterinaria\Principal\FrmPrincipal.cs	112	_SistemaVeterinaria.Principal.FrmPrincipal.btnclientes_Click$object.System.EventArgs$	0	3
E:\Risther2020\CICLO VII\Calidad y Pruebas de Software\U1\SistemaVeterinaria\SistemaVeterinaria\Principal\FrmPrincipal.cs	118	_SistemaVeterinaria.Principal.FrmPrincipal.btnPProductos_Click$object.System.EventArgs$	0	3
E:\Risther2020\CICLO VII\Calidad y Pruebas de Software\U1\SistemaVeterinaria\SistemaVeterinaria\Principal\FrmPrincipal.cs	124	_SistemaVeterinaria.Principal.FrmPrincipal.btnECanina_Click$object.System.EventArgs$	0	3
E:\Risther2020\CICLO VII\Calidad y Pruebas de Software\U1\SistemaVeterinaria\SistemaVeterinaria\Principal\FrmPrincipal.cs	130	_SistemaVeterinaria.Principal.FrmPrincipal.btnAActividades_Click$object.System.EventArgs$	0	3
E:\Risther2020\CICLO VII\Calidad y Pruebas de Software\U1\SistemaVeterinaria\SistemaVeterinaria\Principal\FrmPrincipal.cs	136	_SistemaVeterinaria.Principal.FrmPrincipal.btnMPacientes_Click$object.System.EventArgs$	0	3
E:\Risther2020\CICLO VII\Calidad y Pruebas de Software\U1\SistemaVeterinaria\SistemaVeterinaria\Principal\FrmPrincipal.cs	142	_SistemaVeterinaria.Principal.FrmPrincipal.btnSVacunacion_Click$object.System.EventArgs$	0	3
E:\Risther2020\CICLO VII\Calidad y Pruebas de Software\U1\SistemaVeterinaria\SistemaVeterinaria\Principal\FrmPrincipal.cs	148	_SistemaVeterinaria.Principal.FrmPrincipal.btnRMascota_Click$object.System.EventArgs$	0	3
E:\Risther2020\CICLO VII\Calidad y Pruebas de Software\U1\SistemaVeterinaria\SistemaVeterinaria\Principal\FrmPrincipal.cs	154	_SistemaVeterinaria.Principal.FrmPrincipal.btncerrar_Click$object.System.EventArgs$	0	3
E:\Risther2020\CICLO VII\Calidad y Pruebas de Software\U1\SistemaVeterinaria\SistemaVeterinaria\Principal\FrmPrincipal.cs	163	_SistemaVeterinaria.Principal.FrmPrincipal.group_Enter$object.System.EventArgs$	0	2
E:\Risther2020\CICLO VII\Calidad y Pruebas de Software\U1\SistemaVeterinaria\SistemaVeterinaria\Principal\FrmPrincipal.cs	168	_SistemaVeterinaria.Principal.FrmPrincipal.btnHistorial_Click$object.System.EventArgs$	0	3
E:\Risther2020\CICLO VII\Calidad y Pruebas de Software\U1\SistemaVeterinaria\SistemaVeterinaria\Principal\FrmPrincipal.cs	174	_SistemaVeterinaria.Principal.FrmPrincipal.btnGanancias_Click$object.System.EventArgs$	0	3
E:\Risther2020\CICLO VII\Calidad y Pruebas de Software\U1\SistemaVeterinaria\SistemaVeterinaria\Principal\FrmReportMantenimiento.Designer.cs	28	_SistemaVeterinaria.Principal.FrmReportMantenimiento.InitializeComponent$$	0	3
E:\Risther2020\CICLO VII\Calidad y Pruebas de Software\U1\SistemaVeterinaria\SistemaVeterinaria\Principal\FrmReportMantenimiento.cs	24	_SistemaVeterinaria.Principal.FrmReportMantenimiento.FrmReportMantenimiento_Load$object.System.EventArgs$	0	3
E:\Risther2020\CICLO VII\Calidad y Pruebas de Software\U1\SistemaVeterinaria\SistemaVeterinaria\Principal\FrmReportMantenimiento.cs	34	_SistemaVeterinaria.Principal.FrmReportMantenimiento.btnVacunas_Click$object.System.EventArgs$	0	3
E:\Risther2020\CICLO VII\Calidad y Pruebas de Software\U1\SistemaVeterinaria\SistemaVeterinaria\Principal\FrmReportMantenimiento.cs	98	_SistemaVeterinaria.Principal.FrmReportMantenimiento.GenerarDocumentos$iTextSharp.text.Document$	39	1503
E:\Risther2020\CICLO VII\Calidad y Pruebas de Software\U1\SistemaVeterinaria\SistemaVeterinaria\Principal\FrmReportMantenimiento.cs	143	_SistemaVeterinaria.Principal.FrmReportMantenimiento.GetTama.F1oColumnas$System.Windows.Forms.DataGridView$	7	403
E:\Risther2020\CICLO VII\Calidad y Pruebas de Software\U1\SistemaVeterinaria\SistemaVeterinaria\Principal\FrmReportTratamientos.Designer.cs	28	_SistemaVeterinaria.Principal.FrmReportTratamientos.InitializeComponent$$	0	3
E:\Risther2020\CICLO VII\Calidad y Pruebas de Software\U1\SistemaVeterinaria\SistemaVeterinaria\Principal\FrmReportTratamientos.cs	24	_SistemaVeterinaria.Principal.FrmReportTratamientos.FrmReportTratamientos_Load$object.System.EventArgs$	0	3
E:\Risther2020\CICLO VII\Calidad y Pruebas de Software\U1\SistemaVeterinaria\SistemaVeterinaria\Principal\FrmReportTratamientos.cs	34	_SistemaVeterinaria.Principal.FrmReportTratamientos.btnVacunas_Click$object.System.EventArgs$	0	3
E:\Risther2020\CICLO VII\Calidad y Pruebas de Software\U1\SistemaVeterinaria\SistemaVeterinaria\Principal\FrmReportTratamientos.cs	98	_SistemaVeterinaria.Principal.FrmReportTratamientos.GenerarDocumentos$iTextSharp.text.Document$	41	1503
E:\Risther2020\CICLO VII\Calidad y Pruebas de Software\U1\SistemaVeterinaria\SistemaVeterinaria\Principal\FrmReportTratamientos.cs	143	_SistemaVeterinaria.Principal.FrmReportTratamientos.GetTama.F1oColumnas$System.Windows.Forms.DataGridView$	7	403
E:\Risther2020\CICLO VII\Calidad y Pruebas de Software\U1\SistemaVeterinaria\SistemaVeterinaria\Principal\FrmReportVacunas.Designer.cs	28	_SistemaVeterinaria.Principal.FrmReportVacunas.InitializeComponent$$	0	3
E:\Risther2020\CICLO VII\Calidad y Pruebas de Software\U1\SistemaVeterinaria\SistemaVeterinaria\Principal\FrmReportVacunas.cs	24	_SistemaVeterinaria.Principal.FrmReportVacunas.FrmReportVacunas_Load$object.System.EventArgs$	0	3
E:\Risther2020\CICLO VII\Calidad y Pruebas de Software\U1\SistemaVeterinaria\SistemaVeterinaria\Principal\FrmReportVacunas.cs	34	_SistemaVeterinaria.Principal.FrmReportVacunas.btnVacunas_Click$object.System.EventArgs$	0	3
E:\Risther2020\CICLO VII\Calidad y Pruebas de Software\U1\SistemaVeterinaria\SistemaVeterinaria\Principal\FrmReportVacunas.cs	97	_SistemaVeterinaria.Principal.FrmReportVacunas.GenerarDocumentos$iTextSharp.text.Document$	41	1503
E:\Risther2020\CICLO VII\Calidad y Pruebas de Software\U1\SistemaVeterinaria\SistemaVeterinaria\Principal\FrmReportVacunas.cs	142	_SistemaVeterinaria.Principal.FrmReportVacunas.GetTama.F1oColumnas$System.Windows.Forms.DataGridView$	6	403
E:\Risther2020\CICLO VII\Calidad y Pruebas de Software\U1\SistemaVeterinaria\SistemaVeterinaria\Principal\FrmServicios.Designer.cs	28	_SistemaVeterinaria.Principal.FrmServicios.InitializeComponent$$	0	3
E:\Risther2020\CICLO VII\Calidad y Pruebas de Software\U1\SistemaVeterinaria\SistemaVeterinaria\Principal\FrmServicios.cs	21	_SistemaVeterinaria.Principal.FrmServicios.FrmServicios_Load$object.System.EventArgs$	0	3
E:\Risther2020\CICLO VII\Calidad y Pruebas de Software\U1\SistemaVeterinaria\SistemaVeterinaria\Principal\FrmServicios.cs	26	_SistemaVeterinaria.Principal.FrmServicios.btnNuevo_Click$object.System.EventArgs$	0	3
E:\Risther2020\CICLO VII\Calidad y Pruebas de Software\U1\SistemaVeterinaria\SistemaVeterinaria\Principal\FrmServicios.cs	32	_SistemaVeterinaria.Principal.FrmServicios.MtdLimpiarCajas$$	0	3
E:\Risther2020\CICLO VII\Calidad y Pruebas de Software\U1\SistemaVeterinaria\SistemaVeterinaria\Principal\FrmServicios.cs	52	_SistemaVeterinaria.Principal.FrmServicios.btnGuardar_Click$object.System.EventArgs$	0	15
E:\Risther2020\CICLO VII\Calidad y Pruebas de Software\U1\SistemaVeterinaria\SistemaVeterinaria\Principal\FrmServicios.cs	77	_SistemaVeterinaria.Principal.FrmServicios.btnModificar_Click$object.System.EventArgs$	0	15
E:\Risther2020\CICLO VII\Calidad y Pruebas de Software\U1\SistemaVeterinaria\SistemaVeterinaria\Principal\FrmServicios.cs	103	_SistemaVeterinaria.Principal.FrmServicios.btnListar_Click$object.System.EventArgs$	0	3
E:\Risther2020\CICLO VII\Calidad y Pruebas de Software\U1\SistemaVeterinaria\SistemaVeterinaria\Principal\FrmServicios.cs	109	_SistemaVeterinaria.Principal.FrmServicios.btnBuscar_Click$object.System.EventArgs$	0	8
E:\Risther2020\CICLO VII\Calidad y Pruebas de Software\U1\SistemaVeterinaria\SistemaVeterinaria\Principal\FrmServicios.cs	128	_SistemaVeterinaria.Principal.FrmServicios.btnBuscarM_Click$object.System.EventArgs$	0	8
E:\Risther2020\CICLO VII\Calidad y Pruebas de Software\U1\SistemaVeterinaria\SistemaVeterinaria\Principal\FrmServicios.cs	155	_SistemaVeterinaria.Principal.FrmServicios.txtDni_KeyPress$object.System.Windows.Forms.KeyPressEventArgs$	0	9
E:\Risther2020\CICLO VII\Calidad y Pruebas de Software\U1\SistemaVeterinaria\SistemaVeterinaria\Principal\FrmServicios.cs	171	_SistemaVeterinaria.Principal.FrmServicios.txtBuscar_KeyPress$object.System.Windows.Forms.KeyPressEventArgs$	0	9
E:\Risther2020\CICLO VII\Calidad y Pruebas de Software\U1\SistemaVeterinaria\SistemaVeterinaria\Principal\FrmServicios.cs	187	_SistemaVeterinaria.Principal.FrmServicios.btnBuscarPorDni_Click$object.System.EventArgs$	0	6
E:\Risther2020\CICLO VII\Calidad y Pruebas de Software\U1\SistemaVeterinaria\SistemaVeterinaria\Principal\FrmServicios.cs	199	_SistemaVeterinaria.Principal.FrmServicios.dgvVacunacion_CellMouseClick$object.System.Windows.Forms.DataGridViewCellMouseEventArgs$	0	5
E:\Risther2020\CICLO VII\Calidad y Pruebas de Software\U1\SistemaVeterinaria\SistemaVeterinaria\Principal\FrmServicios.cs	213	_SistemaVeterinaria.Principal.FrmServicios.txtNombre_KeyPress$object.System.Windows.Forms.KeyPressEventArgs$	0	12
E:\Risther2020\CICLO VII\Calidad y Pruebas de Software\U1\SistemaVeterinaria\SistemaVeterinaria\Principal\FrmServicios.cs	233	_SistemaVeterinaria.Principal.FrmServicios.txtVacuna_KeyPress$object.System.Windows.Forms.KeyPressEventArgs$	0	12
E:\Risther2020\CICLO VII\Calidad y Pruebas de Software\U1\SistemaVeterinaria\SistemaVeterinaria\Principal\FrmServicios.cs	253	_SistemaVeterinaria.Principal.FrmServicios.txtSoles_KeyPress$object.System.Windows.Forms.KeyPressEventArgs$	0	9
E:\Risther2020\CICLO VII\Calidad y Pruebas de Software\U1\SistemaVeterinaria\SistemaVeterinaria\Principal\FrmTratamientos.Designer.cs	28	_SistemaVeterinaria.Principal.FrmTratamientos.InitializeComponent$$	0	3
E:\Risther2020\CICLO VII\Calidad y Pruebas de Software\U1\SistemaVeterinaria\SistemaVeterinaria\Principal\FrmTratamientos.cs	21	_SistemaVeterinaria.Principal.FrmTratamientos.FrmEmergencia_Load$object.System.EventArgs$	0	3
E:\Risther2020\CICLO VII\Calidad y Pruebas de Software\U1\SistemaVeterinaria\SistemaVeterinaria\Principal\FrmTratamientos.cs	26	_SistemaVeterinaria.Principal.FrmTratamientos.btnNuevo_Click$object.System.EventArgs$	0	3
E:\Risther2020\CICLO VII\Calidad y Pruebas de Software\U1\SistemaVeterinaria\SistemaVeterinaria\Principal\FrmTratamientos.cs	31	_SistemaVeterinaria.Principal.FrmTratamientos.MtdLimpiarCajas$$	0	3
E:\Risther2020\CICLO VII\Calidad y Pruebas de Software\U1\SistemaVeterinaria\SistemaVeterinaria\Principal\FrmTratamientos.cs	53	_SistemaVeterinaria.Principal.FrmTratamientos.btnGuardar_Click$object.System.EventArgs$	0	18
E:\Risther2020\CICLO VII\Calidad y Pruebas de Software\U1\SistemaVeterinaria\SistemaVeterinaria\Principal\FrmTratamientos.cs	82	_SistemaVeterinaria.Principal.FrmTratamientos.btnModificar_Click$object.System.EventArgs$	0	18
E:\Risther2020\CICLO VII\Calidad y Pruebas de Software\U1\SistemaVeterinaria\SistemaVeterinaria\Principal\FrmTratamientos.cs	111	_SistemaVeterinaria.Principal.FrmTratamientos.btnListar_Click$object.System.EventArgs$	0	3
E:\Risther2020\CICLO VII\Calidad y Pruebas de Software\U1\SistemaVeterinaria\SistemaVeterinaria\Principal\FrmTratamientos.cs	117	_SistemaVeterinaria.Principal.FrmTratamientos.btnBuscar_Click$object.System.EventArgs$	0	8
E:\Risther2020\CICLO VII\Calidad y Pruebas de Software\U1\SistemaVeterinaria\SistemaVeterinaria\Principal\FrmTratamientos.cs	136	_SistemaVeterinaria.Principal.FrmTratamientos.btnBuscarM_Click$object.System.EventArgs$	0	8
E:\Risther2020\CICLO VII\Calidad y Pruebas de Software\U1\SistemaVeterinaria\SistemaVeterinaria\Principal\FrmTratamientos.cs	163	_SistemaVeterinaria.Principal.FrmTratamientos.txtDni_KeyPress$object.System.Windows.Forms.KeyPressEventArgs$	0	9
E:\Risther2020\CICLO VII\Calidad y Pruebas de Software\U1\SistemaVeterinaria\SistemaVeterinaria\Principal\FrmTratamientos.cs	179	_SistemaVeterinaria.Principal.FrmTratamientos.txtBuscar_KeyPress$object.System.Windows.Forms.KeyPressEventArgs$	0	9
E:\Risther2020\CICLO VII\Calidad y Pruebas de Software\U1\SistemaVeterinaria\SistemaVeterinaria\Principal\FrmTratamientos.cs	195	_SistemaVeterinaria.Principal.FrmTratamientos.btnBuscarPorDni_Click$object.System.EventArgs$	0	6
E:\Risther2020\CICLO VII\Calidad y Pruebas de Software\U1\SistemaVeterinaria\SistemaVeterinaria\Principal\FrmTratamientos.cs	207	_SistemaVeterinaria.Principal.FrmTratamientos.dgvMascotas_CellMouseClick$object.System.Windows.Forms.DataGridViewCellMouseEventArgs$	0	5
E:\Risther2020\CICLO VII\Calidad y Pruebas de Software\U1\SistemaVeterinaria\SistemaVeterinaria\Principal\FrmTratamientos.cs	223	_SistemaVeterinaria.Principal.FrmTratamientos.txtNombre_KeyPress$object.System.Windows.Forms.KeyPressEventArgs$	0	12
E:\Risther2020\CICLO VII\Calidad y Pruebas de Software\U1\SistemaVeterinaria\SistemaVeterinaria\Principal\FrmTratamientos.cs	243	_SistemaVeterinaria.Principal.FrmTratamientos.txtTratamientos_KeyPress$object.System.Windows.Forms.KeyPressEventArgs$	0	12
E:\Risther2020\CICLO VII\Calidad y Pruebas de Software\U1\SistemaVeterinaria\SistemaVeterinaria\Principal\FrmTratamientos.cs	263	_SistemaVeterinaria.Principal.FrmTratamientos.txtSoles_KeyPress$object.System.Windows.Forms.KeyPressEventArgs$	0	9
E:\Risther2020\CICLO VII\Calidad y Pruebas de Software\U1\SistemaVeterinaria\SistemaVeterinaria\Program.cs	13	_SistemaVeterinaria.Program.Main$$	0	3
